empid       orderyear   UniqProdCount
----------- ----------- -------------
1           2014        40
1           2015        63
1           2016        58
2           2014        31
2           2015        55
2           2016        52
3           2014        37
3           2015        67
3           2016        48
4           2014        53
4           2015        67
4           2016        57
5           2014        19
5           2015        37
5           2016        26
6           2014        27
6           2015        51
6           2016        26
7           2014        23
7           2015        54
7           2016        42
8           2014        34
8           2015        57
8           2016        53
9           2014        12
9           2015        30
9           2016        34

(27 rows affected)

empid       shipcountry     orderyear   UniqProdCount
----------- --------------- ----------- -------------
1           Austria         2014        7
1           Brazil          2014        1
1           Canada          2014        1
1           Finland         2014        2
1           France          2014        6
1           Germany         2014        12
1           Italy           2014        2
1           Mexico          2014        7
1           Norway          2014        4
1           Poland          2014        2
1           Spain           2014        3
1           UK              2014        4
1           USA             2014        13
1           Venezuela       2014        3
1           Austria         2015        6
1           Brazil          2015        7
1           Canada          2015        7
1           Denmark         2015        8
1           France          2015        10
1           Germany         2015        17
1           Ireland         2015        3
1           Italy           2015        5
1           Mexico          2015        2
1           Poland          2015        3
1           Portugal        2015        5
1           Sweden          2015        11
1           Switzerland     2015        9
1           UK              2015        15
1           USA             2015        25
1           Venezuela       2015        9
1           Argentina       2016        3
1           Austria         2016        3
1           Belgium         2016        3
1           Brazil          2016        11
1           Canada          2016        4
1           Denmark         2016        5
1           Finland         2016        3
1           France          2016        5
1           Germany         2016        16
1           Italy           2016        1
1           Mexico          2016        7
1           Norway          2016        3
1           Spain           2016        4
1           Sweden          2016        2
1           UK              2016        2
1           USA             2016        34
1           Venezuela       2016        6
2           Austria         2014        5
2           Brazil          2014        3
2           Canada          2014        3
2           France          2014        3
2           Germany         2014        9
2           Italy           2014        2
2           Sweden          2014        7
2           UK              2014        3
2           USA             2014        4
2           Austria         2015        5
2           Brazil          2015        13
2           Canada          2015        2
2           Denmark         2015        2
2           Finland         2015        14
2           France          2015        10
2           Germany         2015        16
2           Ireland         2015        3
2           Italy           2015        6
2           Mexico          2015        6
2           Sweden          2015        2
2           UK              2015        8
2           USA             2015        8
2           Venezuela       2015        4
2           Argentina       2016        2
2           Austria         2016        7
2           Belgium         2016        7
2           Brazil          2016        8
2           Canada          2016        9
2           Denmark         2016        1
2           Finland         2016        2
2           France          2016        8
2           Germany         2016        11
2           Ireland         2016        5
2           Italy           2016        6
2           Mexico          2016        5
2           Norway          2016        2
2           Spain           2016        7
2           Sweden          2016        4
2           USA             2016        11
2           Venezuela       2016        4
3           Brazil          2014        5
3           Canada          2014        3
3           Finland         2014        1
3           France          2014        6
3           Germany         2014        6
3           Ireland         2014        5
3           Mexico          2014        1
3           Portugal        2014        2
3           Sweden          2014        2
3           UK              2014        1
3           USA             2014        4
3           Venezuela       2014        6
3           Argentina       2015        2
3           Austria         2015        12
3           Brazil          2015        8
3           Canada          2015        15
3           Denmark         2015        4
3           France          2015        17
3           Germany         2015        23
3           Ireland         2015        4
3           Italy           2015        2
3           Mexico          2015        10
3           Portugal        2015        1
3           Spain           2015        1
3           Sweden          2015        15
3           Switzerland     2015        6
3           UK              2015        13
3           USA             2015        23
3           Venezuela       2015        11
3           Austria         2016        6
3           Belgium         2016        2
3           Brazil          2016        11
3           Canada          2016        2
3           Finland         2016        3
3           France          2016        9
3           Germany         2016        14
3           Ireland         2016        5
3           Mexico          2016        2
3           Norway          2016        4
3           Spain           2016        6
3           Sweden          2016        3
3           Switzerland     2016        2
3           UK              2016        2
3           USA             2016        13
3           Venezuela       2016        5
4           Austria         2014        5
4           Belgium         2014        6
4           Brazil          2014        11
4           Canada          2014        4
4           France          2014        5
4           Germany         2014        26
4           Ireland         2014        2
4           Italy           2014        2
4           Mexico          2014        2
4           Portugal        2014        3
4           Spain           2014        7
4           UK              2014        2
4           USA             2014        11
4           Venezuela       2014        3
4           Argentina       2015        5
4           Austria         2015        11
4           Belgium         2015        4
4           Brazil          2015        26
4           Canada          2015        5
4           Denmark         2015        11
4           Finland         2015        5
4           France          2015        20
4           Germany         2015        32
4           Italy           2015        4
4           Mexico          2015        7
4           Portugal        2015        7
4           Spain           2015        4
4           Sweden          2015        2
4           Switzerland     2015        2
4           UK              2015        13
4           USA             2015        22
4           Venezuela       2015        9
4           Argentina       2016        2
4           Austria         2016        4
4           Belgium         2016        5
4           Brazil          2016        10
4           Finland         2016        2
4           France          2016        9
4           Germany         2016        4
4           Italy           2016        6
4           Mexico          2016        4
4           Poland          2016        2
4           Spain           2016        2
4           Sweden          2016        4
4           Switzerland     2016        6
4           UK              2016        10
4           USA             2016        21
4           Venezuela       2016        6
5           Brazil          2014        4
5           Finland         2014        3
5           France          2014        7
5           Portugal        2014        2
5           Sweden          2014        1
5           Switzerland     2014        3
5           UK              2014        3
5           USA             2014        2
5           Belgium         2015        7
5           Brazil          2015        5
5           France          2015        3
5           Germany         2015        11
5           Mexico          2015        4
5           Portugal        2015        3
5           Sweden          2015        3
5           USA             2015        16
5           Belgium         2016        4
5           Brazil          2016        6
5           France          2016        1
5           Italy           2016        3
5           Poland          2016        2
5           Spain           2016        5
5           Sweden          2016        3
5           UK              2016        4
5           Venezuela       2016        9
6           Austria         2014        4
6           Brazil          2014        3
6           France          2014        4
6           Germany         2014        5
6           Ireland         2014        4
6           Sweden          2014        2
6           Switzerland     2014        3
6           UK              2014        2
6           USA             2014        5
6           Venezuela       2014        5
6           Austria         2015        8
6           Brazil          2015        11
6           Canada          2015        4
6           Denmark         2015        1
6           France          2015        7
6           Germany         2015        9
6           Ireland         2015        5
6           Italy           2015        1
6           Poland          2015        3
6           Sweden          2015        3
6           Switzerland     2015        3
6           UK              2015        7
6           USA             2015        20
6           Argentina       2016        2
6           Belgium         2016        4
6           Brazil          2016        2
6           Canada          2016        5
6           Finland         2016        2
6           France          2016        5
6           Germany         2016        9
6           UK              2016        2
6           USA             2016        9
7           Austria         2014        2
7           Denmark         2014        6
7           Ireland         2014        4
7           Mexico          2014        6
7           Portugal        2014        1
7           Spain           2014        3
7           UK              2014        2
7           USA             2014        1
7           Argentina       2015        1
7           Austria         2015        9
7           Belgium         2015        5
7           Brazil          2015        12
7           Canada          2015        3
7           Denmark         2015        2
7           Finland         2015        3
7           France          2015        3
7           Germany         2015        12
7           Ireland         2015        2
7           Italy           2015        1
7           Mexico          2015        5
7           Norway          2015        3
7           Spain           2015        4
7           Switzerland     2015        4
7           UK              2015        6
7           USA             2015        8
7           Venezuela       2015        4
7           Argentina       2016        5
7           Austria         2016        8
7           Belgium         2016        2
7           Brazil          2016        4
7           Canada          2016        1
7           Denmark         2016        1
7           France          2016        9
7           Germany         2016        1
7           Italy           2016        2
7           Spain           2016        1
7           Sweden          2016        5
7           Switzerland     2016        2
7           UK              2016        3
7           USA             2016        11
7           Venezuela       2016        4
8           Brazil          2014        7
8           Denmark         2014        4
8           France          2014        2
8           Germany         2014        5
8           Ireland         2014        4
8           Mexico          2014        4
8           Spain           2014        2
8           Sweden          2014        4
8           UK              2014        5
8           USA             2014        8
8           Venezuela       2014        2
8           Argentina       2015        3
8           Austria         2015        6
8           Brazil          2015        12
8           Canada          2015        4
8           Denmark         2015        1
8           Finland         2015        7
8           France          2015        7
8           Germany         2015        19
8           Italy           2015        7
8           Portugal        2015        2
8           Sweden          2015        5
8           UK              2015        5
8           USA             2015        25
8           Venezuela       2015        10
8           Argentina       2016        6
8           Austria         2016        7
8           Brazil          2016        5
8           France          2016        6
8           Germany         2016        15
8           Poland          2016        4
8           Portugal        2016        3
8           Spain           2016        1
8           Sweden          2016        11
8           Switzerland     2016        3
8           UK              2016        5
8           USA             2016        7
8           Venezuela       2016        10
9           Austria         2014        4
9           Brazil          2014        2
9           France          2014        1
9           Switzerland     2014        4
9           USA             2014        5
9           Argentina       2015        1
9           Austria         2015        1
9           Belgium         2015        3
9           Canada          2015        3
9           Finland         2015        3
9           France          2015        3
9           Germany         2015        11
9           Ireland         2015        9
9           Italy           2015        1
9           Sweden          2015        2
9           UK              2015        2
9           USA             2015        3
9           Venezuela       2015        2
9           Argentina       2016        2
9           Austria         2016        3
9           Belgium         2016        4
9           Brazil          2016        3
9           France          2016        3
9           Germany         2016        11
9           Italy           2016        1
9           Portugal        2016        1
9           Spain           2016        1
9           Sweden          2016        4
9           Switzerland     2016        3
9           UK              2016        7
9           USA             2016        2

(347 rows affected)

totalSpent            shipcountry
--------------------- ---------------
3531.95               Poland
5735.15               Norway
8119.10               Argentina
12468.65              Portugal
16705.15              Italy
19431.89              Spain
19778.45              Finland
24073.45              Mexico
32919.50              Switzerland
34782.25              Denmark
35134.98              Belgium
55334.10              Canada
57317.39              Ireland
59523.70              Sweden
60616.51              UK
60814.89              Venezuela
85498.76              France
114968.48             Brazil
139496.63             Austria
244640.63             Germany
263566.98             USA

(21 rows affected)

supplierid  companyname                              productid   productname                              unitprice
----------- ---------------------------------------- ----------- ---------------------------------------- ---------------------
8           Supplier BWGYE                           20          Product QHFFP                            81.00
8           Supplier BWGYE                           68          Product TBTBL                            12.50
20          Supplier CIYNM                           43          Product ZZZHR                            46.00
20          Supplier CIYNM                           44          Product VJIEO                            19.45
23          Supplier ELCRN                           49          Product FPYPN                            20.00
23          Supplier ELCRN                           76          Product JYGFE                            18.00
5           Supplier EQPNC                           12          Product OSFNS                            38.00
5           Supplier EQPNC                           11          Product QMVUN                            21.00
25          Supplier ERVYZ                           55          Product YYWRT                            24.00
25          Supplier ERVYZ                           54          Product QAQRL                            7.45
22          Supplier FNUXM                           48          Product MYNXN                            12.75
22          Supplier FNUXM                           47          Product EZZPR                            9.50
7           Supplier GQRCV                           18          Product CKEDC                            62.50
7           Supplier GQRCV                           63          Product ICKNK                            43.90
19          Supplier JDNUG                           40          Product YZIXQ                            18.40
19          Supplier JDNUG                           41          Product TTEEX                            9.65
24          Supplier JNNES                           51          Product APITJ                            53.00
24          Supplier JNNES                           53          Product BKGEA                            32.80
14          Supplier KEREV                           72          Product GEEOO                            34.80
14          Supplier KEREV                           32          Product NUNAW                            32.00
18          Supplier LVJUA                           38          Product QDOMO                            263.50
18          Supplier LVJUA                           39          Product LSOFL                            18.00
15          Supplier NZLIF                           69          Product COAXA                            36.00
15          Supplier NZLIF                           71          Product MYMOI                            21.50
28          Supplier OAVQT                           59          Product UKXRI                            55.00
28          Supplier OAVQT                           60          Product WHBYK                            34.00
29          Supplier OGLRK                           62          Product WUXYK                            49.30
29          Supplier OGLRK                           61          Product XYZPE                            28.50
4           Supplier QOVFD                           9           Product AOZBW                            97.00
4           Supplier QOVFD                           10          Product YHXGE                            31.00
9           Supplier QQYEU                           22          Product CPHFY                            21.00
9           Supplier QQYEU                           23          Product JLUDZ                            9.00
6           Supplier QWUSF                           14          Product PWCJB                            23.25
6           Supplier QWUSF                           15          Product KSZOI                            15.50
17          Supplier QZGUF                           37          Product EVFFA                            26.00
17          Supplier QZGUF                           36          Product GMKIJ                            19.00
3           Supplier STUAZ                           8           Product WVJFP                            40.00
3           Supplier STUAZ                           7           Product HMLNI                            30.00
12          Supplier SVIYA                           29          Product VJXYN                            123.79
12          Supplier SVIYA                           28          Product OFBNT                            45.60
1           Supplier SWRXU                           2           Product RECZE                            19.00
1           Supplier SWRXU                           1           Product HHYDP                            18.00
13          Supplier TEGSC                           30          Product LYERX                            25.89
16          Supplier UHZRG                           35          Product NEVTJ                            18.00
16          Supplier UHZRG                           67          Product XLXQF                            14.00
10          Supplier UNAHG                           24          Product QOGNU                            4.50
2           Supplier VHQZD                           4           Product KSBRM                            22.00
2           Supplier VHQZD                           5           Product EPEIM                            21.35
21          Supplier XOXZA                           46          Product CBRRL                            12.00
21          Supplier XOXZA                           45          Product AQOKR                            9.50
11          Supplier ZPYVS                           27          Product SMIOH                            43.90
11          Supplier ZPYVS                           26          Product HLGZA                            31.23
27          Supplier ZRYDZ                           58          Product ACRVI                            13.25
26          Supplier ZWZDM                           56          Product VKCMF                            38.00
26          Supplier ZWZDM                           57          Product OVLQI                            19.50

(55 rows affected)


Completion time: 2020-02-09T12:10:58.1517208-06:00
